<?xml version="1.0" encoding="UTF-8"?>
<testsuites>
  <testsuite name="fastlane.lanes">
    
    
    
      
      <testcase classname="fastlane.lanes" name="0: Verifying required fastlane version" time="0.000437">
        
      </testcase>
    
      
      <testcase classname="fastlane.lanes" name="1: default_platform" time="0.000201">
        
      </testcase>
    
      
      <testcase classname="fastlane.lanes" name="2: gradle" time="9.436947">
        
          <failure message="/Users/akfreas/.rbenv/versions/2.4.0-dev/lib/ruby/gems/2.5.0/gems/fastlane-2.6.0/fastlane/lib/fastlane/actions/actions_helper.rb:48:in `execute_action'&#10;/Users/akfreas/.rbenv/versions/2.4.0-dev/lib/ruby/gems/2.5.0/gems/fastlane-2.6.0/fastlane/lib/fastlane/runner.rb:217:in `block in execute_action'&#10;/Users/akfreas/.rbenv/versions/2.4.0-dev/lib/ruby/gems/2.5.0/gems/fastlane-2.6.0/fastlane/lib/fastlane/runner.rb:213:in `chdir'&#10;/Users/akfreas/.rbenv/versions/2.4.0-dev/lib/ruby/gems/2.5.0/gems/fastlane-2.6.0/fastlane/lib/fastlane/runner.rb:213:in `execute_action'&#10;/Users/akfreas/.rbenv/versions/2.4.0-dev/lib/ruby/gems/2.5.0/gems/fastlane-2.6.0/fastlane/lib/fastlane/runner.rb:135:in `trigger_action_by_name'&#10;/Users/akfreas/.rbenv/versions/2.4.0-dev/lib/ruby/gems/2.5.0/gems/fastlane-2.6.0/fastlane/lib/fastlane/fast_file.rb:146:in `method_missing'&#10;Fastfile:39:in `block (2 levels) in parsing_binding'&#10;/Users/akfreas/.rbenv/versions/2.4.0-dev/lib/ruby/gems/2.5.0/gems/fastlane-2.6.0/fastlane/lib/fastlane/lane.rb:33:in `call'&#10;/Users/akfreas/.rbenv/versions/2.4.0-dev/lib/ruby/gems/2.5.0/gems/fastlane-2.6.0/fastlane/lib/fastlane/runner.rb:49:in `block in execute'&#10;/Users/akfreas/.rbenv/versions/2.4.0-dev/lib/ruby/gems/2.5.0/gems/fastlane-2.6.0/fastlane/lib/fastlane/runner.rb:45:in `chdir'&#10;/Users/akfreas/.rbenv/versions/2.4.0-dev/lib/ruby/gems/2.5.0/gems/fastlane-2.6.0/fastlane/lib/fastlane/runner.rb:45:in `execute'&#10;/Users/akfreas/.rbenv/versions/2.4.0-dev/lib/ruby/gems/2.5.0/gems/fastlane-2.6.0/fastlane/lib/fastlane/lane_manager.rb:52:in `cruise_lane'&#10;/Users/akfreas/.rbenv/versions/2.4.0-dev/lib/ruby/gems/2.5.0/gems/fastlane-2.6.0/fastlane/lib/fastlane/command_line_handler.rb:30:in `handle'&#10;/Users/akfreas/.rbenv/versions/2.4.0-dev/lib/ruby/gems/2.5.0/gems/fastlane-2.6.0/fastlane/lib/fastlane/commands_generator.rb:96:in `block (2 levels) in run'&#10;/Users/akfreas/.rbenv/versions/2.4.0-dev/lib/ruby/gems/2.5.0/gems/commander-4.4.3/lib/commander/command.rb:178:in `call'&#10;/Users/akfreas/.rbenv/versions/2.4.0-dev/lib/ruby/gems/2.5.0/gems/commander-4.4.3/lib/commander/command.rb:153:in `run'&#10;/Users/akfreas/.rbenv/versions/2.4.0-dev/lib/ruby/gems/2.5.0/gems/commander-4.4.3/lib/commander/runner.rb:446:in `run_active_command'&#10;/Users/akfreas/.rbenv/versions/2.4.0-dev/lib/ruby/gems/2.5.0/gems/fastlane-2.6.0/fastlane_core/lib/fastlane_core/ui/fastlane_runner.rb:38:in `run!'&#10;/Users/akfreas/.rbenv/versions/2.4.0-dev/lib/ruby/gems/2.5.0/gems/commander-4.4.3/lib/commander/delegates.rb:15:in `run!'&#10;/Users/akfreas/.rbenv/versions/2.4.0-dev/lib/ruby/gems/2.5.0/gems/fastlane-2.6.0/fastlane/lib/fastlane/commands_generator.rb:293:in `run'&#10;/Users/akfreas/.rbenv/versions/2.4.0-dev/lib/ruby/gems/2.5.0/gems/fastlane-2.6.0/fastlane/lib/fastlane/commands_generator.rb:36:in `start'&#10;/Users/akfreas/.rbenv/versions/2.4.0-dev/lib/ruby/gems/2.5.0/gems/fastlane-2.6.0/fastlane/lib/fastlane/cli_tools_distributor.rb:59:in `take_off'&#10;/Users/akfreas/.rbenv/versions/2.4.0-dev/lib/ruby/gems/2.5.0/gems/fastlane-2.6.0/bin/fastlane:15:in `&lt;top (required)&gt;'&#10;/Users/akfreas/.rbenv/versions/2.4.0-dev/bin/fastlane:22:in `load'&#10;/Users/akfreas/.rbenv/versions/2.4.0-dev/bin/fastlane:22:in `&lt;top (required)&gt;'&#10;/Users/akfreas/.rbenv/versions/2.4.0-dev/lib/ruby/gems/2.5.0/gems/bundler-1.15.1/lib/bundler/cli/exec.rb:74:in `load'&#10;/Users/akfreas/.rbenv/versions/2.4.0-dev/lib/ruby/gems/2.5.0/gems/bundler-1.15.1/lib/bundler/cli/exec.rb:74:in `kernel_load'&#10;/Users/akfreas/.rbenv/versions/2.4.0-dev/lib/ruby/gems/2.5.0/gems/bundler-1.15.1/lib/bundler/cli/exec.rb:27:in `run'&#10;/Users/akfreas/.rbenv/versions/2.4.0-dev/lib/ruby/gems/2.5.0/gems/bundler-1.15.1/lib/bundler/cli.rb:360:in `exec'&#10;/Users/akfreas/.rbenv/versions/2.4.0-dev/lib/ruby/gems/2.5.0/gems/bundler-1.15.1/lib/bundler/vendor/thor/lib/thor/command.rb:27:in `run'&#10;/Users/akfreas/.rbenv/versions/2.4.0-dev/lib/ruby/gems/2.5.0/gems/bundler-1.15.1/lib/bundler/vendor/thor/lib/thor/invocation.rb:126:in `invoke_command'&#10;/Users/akfreas/.rbenv/versions/2.4.0-dev/lib/ruby/gems/2.5.0/gems/bundler-1.15.1/lib/bundler/vendor/thor/lib/thor.rb:369:in `dispatch'&#10;/Users/akfreas/.rbenv/versions/2.4.0-dev/lib/ruby/gems/2.5.0/gems/bundler-1.15.1/lib/bundler/cli.rb:20:in `dispatch'&#10;/Users/akfreas/.rbenv/versions/2.4.0-dev/lib/ruby/gems/2.5.0/gems/bundler-1.15.1/lib/bundler/vendor/thor/lib/thor/base.rb:444:in `start'&#10;/Users/akfreas/.rbenv/versions/2.4.0-dev/lib/ruby/gems/2.5.0/gems/bundler-1.15.1/lib/bundler/cli.rb:10:in `start'&#10;/Users/akfreas/.rbenv/versions/2.4.0-dev/lib/ruby/gems/2.5.0/gems/bundler-1.15.1/exe/bundle:35:in `block in &lt;top (required)&gt;'&#10;/Users/akfreas/.rbenv/versions/2.4.0-dev/lib/ruby/gems/2.5.0/gems/bundler-1.15.1/lib/bundler/friendly_errors.rb:121:in `with_friendly_errors'&#10;/Users/akfreas/.rbenv/versions/2.4.0-dev/lib/ruby/gems/2.5.0/gems/bundler-1.15.1/exe/bundle:27:in `&lt;top (required)&gt;'&#10;/Users/akfreas/.rbenv/versions/2.4.0-dev/bin/bundle:22:in `load'&#10;/Users/akfreas/.rbenv/versions/2.4.0-dev/bin/bundle:22:in `&lt;main&gt;'&#10;&#10;Exit status of command '/Users/akfreas/github/SonntagsBerlin/sonntags-rn/android/gradlew assembleRelease -p .' was 1 instead of 0.&#10;Starting a Gradle Daemon (subsequent builds will be faster)&#10;NDK is missing a &quot;platforms&quot; directory.&#10;If you are using NDK, verify the ndk.dir is set to a valid NDK directory.  It is currently set to /Users/akfreas/Library/Android/sdk/ndk-bundle.&#10;If you are not using NDK, unset the NDK variable from ANDROID_NDK_HOME or local.properties to remove this warning.&#10;&#10;The Task.leftShift(Closure) method has been deprecated and is scheduled to be removed in Gradle 5.0. Please use Task.doLast(Action) instead.&#10;	at versionCode_12kyz6iglbt16hnkq46ti7un8.run(/Users/akfreas/github/SonntagsBerlin/sonntags-rn/android/app/versionCode.gradle:1)&#10;NDK is missing a &quot;platforms&quot; directory.&#10;If you are using NDK, verify the ndk.dir is set to a valid NDK directory.  It is currently set to /Users/akfreas/Library/Android/sdk/ndk-bundle.&#10;If you are not using NDK, unset the NDK variable from ANDROID_NDK_HOME or local.properties to remove this warning.&#10;&#10;&#10;FAILURE: Build failed with an exception.&#10;&#10;* What went wrong:&#10;A problem occurred configuring project ':app'.&#10;&gt; Could not resolve all dependencies for configuration ':app:_debugApk'.&#10;   &gt; A problem occurred configuring project ':react-native-share'.&#10;      &gt; The SDK Build Tools revision (23.0.1) is too low for project ':react-native-share'. Minimum required is 25.0.0&#10;&#10;* Try:&#10;Run with --stacktrace option to get the stack trace. Run with --info or --debug option to get more log output.&#10;&#10;BUILD FAILED&#10;&#10;Total time: 8.436 secs&#10;" />
        
      </testcase>
    
  </testsuite>
</testsuites>
